2023-04-19 06:23:02.563 [Warn] Directory was specified as a plugin directory but does not exist: 'resources\plugins'

--------------------------------------------------------------------------------
2023-04-19 06:23:02.669 [Info] Discovered 0 plugins:


--------------------------------------------------------------------------------
2023-04-19 06:23:03.355 [Warn] Missing strings, overwriting strings file:
	Chatbox.ChatTabButtons[All],
	Chatbox.ChatTabButtons[Local],
	Chatbox.ChatTabButtons[Party],
	Chatbox.ChatTabButtons[Global],
	Chatbox.ChatTabButtons[Guild],
	Chatbox.ChatTabButtons[System]

--------------------------------------------------------------------------------
2023-04-19 06:23:04.615 [Info] Connecting to 127.0.0.1:5400...

--------------------------------------------------------------------------------
2023-04-19 06:23:21.090 [Info] Disconnected [00000000-0000-0000-0000-000000000000].

--------------------------------------------------------------------------------
2023-04-19 06:23:21.104 [Info] Connecting to 127.0.0.1:5400...

--------------------------------------------------------------------------------
2023-04-19 06:23:35.876 [Info] System window closing (due to user interaction most likely).

--------------------------------------------------------------------------------
2023-04-19 06:23:35.888 [Info] Disconnected [00000000-0000-0000-0000-000000000000].

--------------------------------------------------------------------------------
2023-04-19 06:23:36.596 [Info] Acquiring context lock... (0ms)

--------------------------------------------------------------------------------
2023-04-19 06:23:36.596 [Info] Acquired. (0ms)

--------------------------------------------------------------------------------
2023-04-19 06:23:36.603 [Info] Beginning context dispose. (0ms)

--------------------------------------------------------------------------------
2023-04-19 06:23:36.605 [Info] GC.SuppressFinalize (1ms)

--------------------------------------------------------------------------------
2023-04-19 06:23:36.605 [Info] InternalDispose() completed. (1ms)

--------------------------------------------------------------------------------
2023-04-19 06:23:36.605 [Info] Clearing instance... (8ms)

--------------------------------------------------------------------------------
2023-04-19 06:23:36.606 [Info] Releasing context lock... (8ms)

--------------------------------------------------------------------------------
2023-04-19 06:23:36.606 [Info] Released. (9ms)

--------------------------------------------------------------------------------
