2023-04-19 06:23:06.191 [Warn] Directory was specified as a plugin directory but does not exist: 'resources\plugins'

--------------------------------------------------------------------------------
2023-04-19 06:23:06.289 [Info] Discovered 0 plugins:


--------------------------------------------------------------------------------
2023-04-19 06:23:09.233 [Info] Connecting to 127.0.0.1:5400...

--------------------------------------------------------------------------------
2023-04-19 06:23:25.703 [Info] Disconnected [00000000-0000-0000-0000-000000000000].

--------------------------------------------------------------------------------
2023-04-19 06:23:25.719 [Info] Connecting to 127.0.0.1:5400...

--------------------------------------------------------------------------------
2023-04-19 06:23:35.876 [Info] System window closing (due to user interaction most likely).

--------------------------------------------------------------------------------
2023-04-19 06:23:35.881 [Info] Disconnected [00000000-0000-0000-0000-000000000000].

--------------------------------------------------------------------------------
2023-04-19 06:23:35.882 [Info] Connecting to 127.0.0.1:5400...

--------------------------------------------------------------------------------
2023-04-19 06:23:36.405 [Info] Acquiring context lock... (0ms)

--------------------------------------------------------------------------------
2023-04-19 06:23:36.406 [Info] Acquired. (0ms)

--------------------------------------------------------------------------------
2023-04-19 06:23:36.415 [Info] Beginning context dispose. (0ms)

--------------------------------------------------------------------------------
2023-04-19 06:23:36.416 [Info] GC.SuppressFinalize (1ms)

--------------------------------------------------------------------------------
2023-04-19 06:23:36.417 [Info] InternalDispose() completed. (1ms)

--------------------------------------------------------------------------------
2023-04-19 06:23:36.417 [Info] Clearing instance... (11ms)

--------------------------------------------------------------------------------
2023-04-19 06:23:36.417 [Info] Releasing context lock... (11ms)

--------------------------------------------------------------------------------
2023-04-19 06:23:36.417 [Info] Released. (11ms)

--------------------------------------------------------------------------------
