2023-04-19 06:25:22.742 [Warn] Directory was specified as a plugin directory but does not exist: 'resources\plugins'

--------------------------------------------------------------------------------
2023-04-19 06:25:22.761 [Info] Discovered 0 plugins:


--------------------------------------------------------------------------------
2023-04-19 06:25:25.051 [Info] Connecting to 127.0.0.1:5400...

--------------------------------------------------------------------------------
2023-04-19 06:25:31.087 [Info] System window closing (due to user interaction most likely).

--------------------------------------------------------------------------------
2023-04-19 06:25:31.100 [Info] Disconnected [00000000-0000-0000-0000-000000000000].

--------------------------------------------------------------------------------
2023-04-19 06:25:31.272 [Info] Acquiring context lock... (0ms)

--------------------------------------------------------------------------------
2023-04-19 06:25:31.272 [Info] Acquired. (0ms)

--------------------------------------------------------------------------------
2023-04-19 06:25:31.292 [Info] Beginning context dispose. (0ms)

--------------------------------------------------------------------------------
2023-04-19 06:25:31.304 [Info] GC.SuppressFinalize (11ms)

--------------------------------------------------------------------------------
2023-04-19 06:25:31.304 [Info] InternalDispose() completed. (11ms)

--------------------------------------------------------------------------------
2023-04-19 06:25:31.304 [Info] Clearing instance... (32ms)

--------------------------------------------------------------------------------
2023-04-19 06:25:31.304 [Info] Releasing context lock... (32ms)

--------------------------------------------------------------------------------
2023-04-19 06:25:31.304 [Info] Released. (32ms)

--------------------------------------------------------------------------------
