2023-04-19 06:24:05.036 [Warn] Directory was specified as a plugin directory but does not exist: 'resources\plugins'

--------------------------------------------------------------------------------
2023-04-19 06:24:05.063 [Info] Discovered 0 plugins:


--------------------------------------------------------------------------------
2023-04-19 06:24:09.846 [Info] Connecting to 127.0.0.1:5400...

--------------------------------------------------------------------------------
2023-04-19 06:24:25.929 [Info] Disconnected [00000000-0000-0000-0000-000000000000].

--------------------------------------------------------------------------------
2023-04-19 06:24:25.940 [Info] Connecting to 127.0.0.1:5400...

--------------------------------------------------------------------------------
2023-04-19 06:24:27.889 [Info] System window closing (due to user interaction most likely).

--------------------------------------------------------------------------------
2023-04-19 06:24:27.896 [Info] Disconnected [00000000-0000-0000-0000-000000000000].

--------------------------------------------------------------------------------
2023-04-19 06:24:28.118 [Info] Acquiring context lock... (0ms)

--------------------------------------------------------------------------------
2023-04-19 06:24:28.118 [Info] Acquired. (0ms)

--------------------------------------------------------------------------------
2023-04-19 06:24:28.118 [Info] Beginning context dispose. (0ms)

--------------------------------------------------------------------------------
2023-04-19 06:24:28.149 [Info] GC.SuppressFinalize (28ms)

--------------------------------------------------------------------------------
2023-04-19 06:24:28.171 [Info] InternalDispose() completed. (39ms)

--------------------------------------------------------------------------------
2023-04-19 06:24:28.171 [Info] Clearing instance... (52ms)

--------------------------------------------------------------------------------
2023-04-19 06:24:28.171 [Info] Releasing context lock... (52ms)

--------------------------------------------------------------------------------
2023-04-19 06:24:28.171 [Info] Released. (53ms)

--------------------------------------------------------------------------------
