2023-04-19 06:19:42.112 [Warn] Directory was specified as a plugin directory but does not exist: 'resources\plugins'

--------------------------------------------------------------------------------
2023-04-19 06:19:42.120 [Info] Discovered 0 plugins:


--------------------------------------------------------------------------------
2023-04-19 06:19:42.384 [Warn] FileNotFoundException: Could not find file 'C:\Users\josha\Documents\GitHub\JshGibby.github.io\Canvas-Mini\resources\client_strings.json'.
    Stack:    at System.IO.__Error.WinIOError(Int32 errorCode, String maybeFullPath)
   at System.IO.FileStream.Init(String path, FileMode mode, FileAccess access, Int32 rights, Boolean useRights, FileShare share, Int32 bufferSize, FileOptions options, SECURITY_ATTRIBUTES secAttrs, String msgPath, Boolean bFromProxy, Boolean useLongPath, Boolean checkHost)
   at System.IO.FileStream..ctor(String path, FileMode mode, FileAccess access, FileShare share, Int32 bufferSize, FileOptions options, String msgPath, Boolean bFromProxy, Boolean useLongPath, Boolean checkHost)
   at System.IO.StreamReader..ctor(String path, Encoding encoding, Boolean detectEncodingFromByteOrderMarks, Int32 bufferSize, Boolean checkHost)
   at System.IO.File.InternalReadAllText(String path, Encoding encoding, Boolean checkHost)
   at Intersect.Client.Localization.Strings.Load()


--------------------------------------------------------------------------------
2023-04-19 06:19:42.735 [Warn] FileNotFoundException: Missing configuration file.
    Stack:    at Intersect.Configuration.ConfigurationHelper.Load[T](T configuration, String filePath, Boolean failQuietly)
   at Intersect.Configuration.ConfigurationHelper.LoadSafely[T](T configuration, String filePath)


--------------------------------------------------------------------------------
2023-04-19 06:19:44.240 [Info] Connecting to 127.0.0.1:5400...

--------------------------------------------------------------------------------
2023-04-19 06:20:00.654 [Info] Disconnected [00000000-0000-0000-0000-000000000000].

--------------------------------------------------------------------------------
2023-04-19 06:20:00.664 [Info] Connecting to 127.0.0.1:5400...

--------------------------------------------------------------------------------
2023-04-19 06:20:12.035 [Info] System window closing (due to user interaction most likely).

--------------------------------------------------------------------------------
2023-04-19 06:20:12.045 [Info] Disconnected [00000000-0000-0000-0000-000000000000].

--------------------------------------------------------------------------------
2023-04-19 06:20:12.046 [Info] Connecting to 127.0.0.1:5400...

--------------------------------------------------------------------------------
2023-04-19 06:20:12.143 [Info] Acquiring context lock... (0ms)

--------------------------------------------------------------------------------
2023-04-19 06:20:12.143 [Info] Acquired. (0ms)

--------------------------------------------------------------------------------
2023-04-19 06:20:12.148 [Info] Beginning context dispose. (0ms)

--------------------------------------------------------------------------------
2023-04-19 06:20:12.149 [Info] GC.SuppressFinalize (1ms)

--------------------------------------------------------------------------------
2023-04-19 06:20:12.149 [Info] InternalDispose() completed. (1ms)

--------------------------------------------------------------------------------
2023-04-19 06:20:12.149 [Info] Clearing instance... (6ms)

--------------------------------------------------------------------------------
2023-04-19 06:20:12.149 [Info] Releasing context lock... (6ms)

--------------------------------------------------------------------------------
2023-04-19 06:20:12.150 [Info] Released. (6ms)

--------------------------------------------------------------------------------
