2023-04-19 06:20:38.711 [Warn] Directory was specified as a plugin directory but does not exist: 'resources\plugins'

--------------------------------------------------------------------------------
2023-04-19 06:20:38.726 [Info] Discovered 0 plugins:


--------------------------------------------------------------------------------
2023-04-19 06:20:39.531 [Warn] Missing strings, overwriting strings file:
	Chatbox.ChatTabButtons (string dictionary)

--------------------------------------------------------------------------------
2023-04-19 06:20:40.787 [Info] Connecting to 127.0.0.1:5400...

--------------------------------------------------------------------------------
2023-04-19 06:20:57.592 [Info] Disconnected [00000000-0000-0000-0000-000000000000].

--------------------------------------------------------------------------------
2023-04-19 06:20:57.600 [Info] Connecting to 127.0.0.1:5400...

--------------------------------------------------------------------------------
2023-04-19 06:21:13.066 [Info] Disconnected [00000000-0000-0000-0000-000000000000].

--------------------------------------------------------------------------------
2023-04-19 06:21:13.067 [Info] Connecting to 127.0.0.1:5400...

--------------------------------------------------------------------------------
2023-04-19 06:21:28.603 [Info] Disconnected [00000000-0000-0000-0000-000000000000].

--------------------------------------------------------------------------------
2023-04-19 06:21:28.604 [Info] Connecting to 127.0.0.1:5400...

--------------------------------------------------------------------------------
2023-04-19 06:21:43.996 [Info] Disconnected [00000000-0000-0000-0000-000000000000].

--------------------------------------------------------------------------------
2023-04-19 06:21:43.997 [Info] Connecting to 127.0.0.1:5400...

--------------------------------------------------------------------------------
2023-04-19 06:21:59.487 [Info] Disconnected [00000000-0000-0000-0000-000000000000].

--------------------------------------------------------------------------------
2023-04-19 06:21:59.488 [Info] Connecting to 127.0.0.1:5400...

--------------------------------------------------------------------------------
2023-04-19 06:22:14.937 [Info] Disconnected [00000000-0000-0000-0000-000000000000].

--------------------------------------------------------------------------------
2023-04-19 06:22:14.938 [Info] Connecting to 127.0.0.1:5400...

--------------------------------------------------------------------------------
2023-04-19 06:22:30.317 [Info] Disconnected [00000000-0000-0000-0000-000000000000].

--------------------------------------------------------------------------------
2023-04-19 06:22:30.318 [Info] Connecting to 127.0.0.1:5400...

--------------------------------------------------------------------------------
2023-04-19 06:22:45.695 [Info] Disconnected [00000000-0000-0000-0000-000000000000].

--------------------------------------------------------------------------------
2023-04-19 06:22:45.696 [Info] Connecting to 127.0.0.1:5400...

--------------------------------------------------------------------------------
2023-04-19 06:22:52.524 [Info] System window closing (due to user interaction most likely).

--------------------------------------------------------------------------------
2023-04-19 06:22:52.565 [Info] Disconnected [00000000-0000-0000-0000-000000000000].

--------------------------------------------------------------------------------
2023-04-19 06:22:52.636 [Info] Acquiring context lock... (0ms)

--------------------------------------------------------------------------------
2023-04-19 06:22:52.636 [Info] Acquired. (0ms)

--------------------------------------------------------------------------------
2023-04-19 06:22:52.641 [Info] Beginning context dispose. (0ms)

--------------------------------------------------------------------------------
2023-04-19 06:22:52.642 [Info] GC.SuppressFinalize (1ms)

--------------------------------------------------------------------------------
2023-04-19 06:22:52.643 [Info] InternalDispose() completed. (1ms)

--------------------------------------------------------------------------------
2023-04-19 06:22:52.643 [Info] Clearing instance... (7ms)

--------------------------------------------------------------------------------
2023-04-19 06:22:52.643 [Info] Releasing context lock... (7ms)

--------------------------------------------------------------------------------
2023-04-19 06:22:52.643 [Info] Released. (7ms)

--------------------------------------------------------------------------------
